mode: set
github.com/FPesenda/backpack-bcgow6-franco-pesenda/GoTest/C3_1/testProductCoverage/internal/products/repository.go:33.47,37.2 1 1
github.com/FPesenda/backpack-bcgow6-franco-pesenda/GoTest/C3_1/testProductCoverage/internal/products/repository.go:39.59,42.2 2 1
github.com/FPesenda/backpack-bcgow6-franco-pesenda/GoTest/C3_1/testProductCoverage/internal/products/repository.go:44.60,47.2 2 1
github.com/FPesenda/backpack-bcgow6-franco-pesenda/GoTest/C3_1/testProductCoverage/internal/products/repository.go:49.96,53.30 4 1
github.com/FPesenda/backpack-bcgow6-franco-pesenda/GoTest/C3_1/testProductCoverage/internal/products/repository.go:61.2,61.13 1 1
github.com/FPesenda/backpack-bcgow6-franco-pesenda/GoTest/C3_1/testProductCoverage/internal/products/repository.go:65.2,67.17 3 1
github.com/FPesenda/backpack-bcgow6-franco-pesenda/GoTest/C3_1/testProductCoverage/internal/products/repository.go:71.2,71.8 1 1
github.com/FPesenda/backpack-bcgow6-franco-pesenda/GoTest/C3_1/testProductCoverage/internal/products/repository.go:53.30,54.31 1 1
github.com/FPesenda/backpack-bcgow6-franco-pesenda/GoTest/C3_1/testProductCoverage/internal/products/repository.go:54.31,59.4 4 1
github.com/FPesenda/backpack-bcgow6-franco-pesenda/GoTest/C3_1/testProductCoverage/internal/products/repository.go:61.13,64.3 2 0
github.com/FPesenda/backpack-bcgow6-franco-pesenda/GoTest/C3_1/testProductCoverage/internal/products/repository.go:67.17,70.3 2 0
github.com/FPesenda/backpack-bcgow6-franco-pesenda/GoTest/C3_1/testProductCoverage/internal/products/repository.go:74.86,77.30 3 1
github.com/FPesenda/backpack-bcgow6-franco-pesenda/GoTest/C3_1/testProductCoverage/internal/products/repository.go:90.2,90.13 1 1
github.com/FPesenda/backpack-bcgow6-franco-pesenda/GoTest/C3_1/testProductCoverage/internal/products/repository.go:94.2,94.8 1 1
github.com/FPesenda/backpack-bcgow6-franco-pesenda/GoTest/C3_1/testProductCoverage/internal/products/repository.go:77.30,78.31 1 1
github.com/FPesenda/backpack-bcgow6-franco-pesenda/GoTest/C3_1/testProductCoverage/internal/products/repository.go:78.31,83.19 5 1
github.com/FPesenda/backpack-bcgow6-franco-pesenda/GoTest/C3_1/testProductCoverage/internal/products/repository.go:87.4,87.9 1 1
github.com/FPesenda/backpack-bcgow6-franco-pesenda/GoTest/C3_1/testProductCoverage/internal/products/repository.go:83.19,86.5 2 0
github.com/FPesenda/backpack-bcgow6-franco-pesenda/GoTest/C3_1/testProductCoverage/internal/products/repository.go:90.13,93.3 2 0
github.com/FPesenda/backpack-bcgow6-franco-pesenda/GoTest/C3_1/testProductCoverage/internal/products/repository.go:97.64,101.17 4 1
github.com/FPesenda/backpack-bcgow6-franco-pesenda/GoTest/C3_1/testProductCoverage/internal/products/repository.go:104.2,104.30 1 1
github.com/FPesenda/backpack-bcgow6-franco-pesenda/GoTest/C3_1/testProductCoverage/internal/products/repository.go:111.2,111.18 1 1
github.com/FPesenda/backpack-bcgow6-franco-pesenda/GoTest/C3_1/testProductCoverage/internal/products/repository.go:115.2,117.17 3 1
github.com/FPesenda/backpack-bcgow6-franco-pesenda/GoTest/C3_1/testProductCoverage/internal/products/repository.go:121.2,121.8 1 1
github.com/FPesenda/backpack-bcgow6-franco-pesenda/GoTest/C3_1/testProductCoverage/internal/products/repository.go:101.17,103.3 1 0
github.com/FPesenda/backpack-bcgow6-franco-pesenda/GoTest/C3_1/testProductCoverage/internal/products/repository.go:104.30,105.31 1 1
github.com/FPesenda/backpack-bcgow6-franco-pesenda/GoTest/C3_1/testProductCoverage/internal/products/repository.go:105.31,108.9 3 1
github.com/FPesenda/backpack-bcgow6-franco-pesenda/GoTest/C3_1/testProductCoverage/internal/products/repository.go:111.18,114.3 2 1
github.com/FPesenda/backpack-bcgow6-franco-pesenda/GoTest/C3_1/testProductCoverage/internal/products/repository.go:117.17,120.3 2 0
github.com/FPesenda/backpack-bcgow6-franco-pesenda/GoTest/C3_1/testProductCoverage/internal/products/repository.go:124.53,126.17 2 1
github.com/FPesenda/backpack-bcgow6-franco-pesenda/GoTest/C3_1/testProductCoverage/internal/products/repository.go:129.2,129.28 1 1
github.com/FPesenda/backpack-bcgow6-franco-pesenda/GoTest/C3_1/testProductCoverage/internal/products/repository.go:132.2,132.26 1 1
github.com/FPesenda/backpack-bcgow6-franco-pesenda/GoTest/C3_1/testProductCoverage/internal/products/repository.go:126.17,128.3 1 0
github.com/FPesenda/backpack-bcgow6-franco-pesenda/GoTest/C3_1/testProductCoverage/internal/products/repository.go:129.28,131.3 1 0
github.com/FPesenda/backpack-bcgow6-franco-pesenda/GoTest/C3_1/testProductCoverage/internal/products/repository.go:135.103,137.17 2 0
github.com/FPesenda/backpack-bcgow6-franco-pesenda/GoTest/C3_1/testProductCoverage/internal/products/repository.go:141.2,145.17 5 0
github.com/FPesenda/backpack-bcgow6-franco-pesenda/GoTest/C3_1/testProductCoverage/internal/products/repository.go:149.2,149.15 1 0
github.com/FPesenda/backpack-bcgow6-franco-pesenda/GoTest/C3_1/testProductCoverage/internal/products/repository.go:137.17,140.3 2 0
github.com/FPesenda/backpack-bcgow6-franco-pesenda/GoTest/C3_1/testProductCoverage/internal/products/repository.go:145.17,148.3 2 0
github.com/FPesenda/backpack-bcgow6-franco-pesenda/GoTest/C3_1/testProductCoverage/internal/products/repository.go:152.111,162.17 4 1
github.com/FPesenda/backpack-bcgow6-franco-pesenda/GoTest/C3_1/testProductCoverage/internal/products/repository.go:165.2,165.30 1 1
github.com/FPesenda/backpack-bcgow6-franco-pesenda/GoTest/C3_1/testProductCoverage/internal/products/repository.go:171.2,171.14 1 1
github.com/FPesenda/backpack-bcgow6-franco-pesenda/GoTest/C3_1/testProductCoverage/internal/products/repository.go:175.2,177.17 3 1
github.com/FPesenda/backpack-bcgow6-franco-pesenda/GoTest/C3_1/testProductCoverage/internal/products/repository.go:181.2,181.8 1 1
github.com/FPesenda/backpack-bcgow6-franco-pesenda/GoTest/C3_1/testProductCoverage/internal/products/repository.go:162.17,164.3 1 0
github.com/FPesenda/backpack-bcgow6-franco-pesenda/GoTest/C3_1/testProductCoverage/internal/products/repository.go:165.30,166.31 1 1
github.com/FPesenda/backpack-bcgow6-franco-pesenda/GoTest/C3_1/testProductCoverage/internal/products/repository.go:166.31,169.4 2 1
github.com/FPesenda/backpack-bcgow6-franco-pesenda/GoTest/C3_1/testProductCoverage/internal/products/repository.go:171.14,174.3 2 0
github.com/FPesenda/backpack-bcgow6-franco-pesenda/GoTest/C3_1/testProductCoverage/internal/products/repository.go:177.17,180.3 2 0
github.com/FPesenda/backpack-bcgow6-franco-pesenda/GoTest/C3_1/testProductCoverage/internal/products/repository.go:184.56,186.17 2 0
github.com/FPesenda/backpack-bcgow6-franco-pesenda/GoTest/C3_1/testProductCoverage/internal/products/repository.go:189.2,189.28 1 0
github.com/FPesenda/backpack-bcgow6-franco-pesenda/GoTest/C3_1/testProductCoverage/internal/products/repository.go:193.2,194.8 2 0
github.com/FPesenda/backpack-bcgow6-franco-pesenda/GoTest/C3_1/testProductCoverage/internal/products/repository.go:186.17,188.3 1 0
github.com/FPesenda/backpack-bcgow6-franco-pesenda/GoTest/C3_1/testProductCoverage/internal/products/repository.go:189.28,192.3 2 0
github.com/FPesenda/backpack-bcgow6-franco-pesenda/GoTest/C3_1/testProductCoverage/internal/products/service.go:15.41,19.2 1 1
github.com/FPesenda/backpack-bcgow6-franco-pesenda/GoTest/C3_1/testProductCoverage/internal/products/service.go:21.94,24.2 2 0
github.com/FPesenda/backpack-bcgow6-franco-pesenda/GoTest/C3_1/testProductCoverage/internal/products/service.go:26.49,29.2 2 1
github.com/FPesenda/backpack-bcgow6-franco-pesenda/GoTest/C3_1/testProductCoverage/internal/products/service.go:31.48,33.16 2 0
github.com/FPesenda/backpack-bcgow6-franco-pesenda/GoTest/C3_1/testProductCoverage/internal/products/service.go:37.2,37.16 1 0
github.com/FPesenda/backpack-bcgow6-franco-pesenda/GoTest/C3_1/testProductCoverage/internal/products/service.go:33.16,35.3 1 0
github.com/FPesenda/backpack-bcgow6-franco-pesenda/GoTest/C3_1/testProductCoverage/internal/products/service.go:40.87,42.16 2 0
github.com/FPesenda/backpack-bcgow6-franco-pesenda/GoTest/C3_1/testProductCoverage/internal/products/service.go:46.2,49.16 3 0
github.com/FPesenda/backpack-bcgow6-franco-pesenda/GoTest/C3_1/testProductCoverage/internal/products/service.go:53.2,53.22 1 0
github.com/FPesenda/backpack-bcgow6-franco-pesenda/GoTest/C3_1/testProductCoverage/internal/products/service.go:42.16,44.3 1 0
github.com/FPesenda/backpack-bcgow6-franco-pesenda/GoTest/C3_1/testProductCoverage/internal/products/service.go:49.16,51.3 1 0
github.com/FPesenda/backpack-bcgow6-franco-pesenda/GoTest/C3_1/testProductCoverage/internal/products/service.go:56.112,59.2 2 1
